GRAPHIC.pds

PALASM90  PARSER   - MARKET RELEASE (2-14-90)
 (C) - COPYRIGHT ADVANCED MICRO DEVICES INC., 1990


                    ***********************************
                    *     PALASM PARSER LISTING       *
                    ***********************************

LINE #   |----+----1----+----2----+----3----+----4----+----5----+----6----+
   1     |;PALASM Design Description
   2     |
   3     |;---------------------------------- Declaration Segment ------------
   4     |TITLE    8051 ZIG GAL(ADDRESS DECODER)
   5     |PATTERN  
   6     |REVISION 1.0
   7     |AUTHOR   JK. PARK
   8     |COMPANY  JINYANG
   9     |DATE     3/10/98
  10     |
  11     |CHIP  DECODE  PALCE16V8
  12     |
  13     |;---------------------------------- PIN Declarations ---------------
  14     |PIN  1          CS2                  COMBINATORIAL ; INPUT
  15     |PIN  2          A0                   COMBINATORIAL ; INPUT
  16     |PIN  3          A1                   COMBINATORIAL ; INPUT
  17     |PIN  4          A2                   COMBINATORIAL ; INPUT
  18     |PIN  5          READ                 COMBINATORIAL ; INPUT
  19     |PIN  6          WRITE                COMBINATORIAL ; INPUT
  20     |PIN  7          PORT                 COMBINATORIAL ; INPUT
  21     |PIN  10         GND                                ; INPUT
  22     |PIN  12         GRLCD                COMBINATORIAL ; OUTPUT
  23     |PIN  13         RD                   COMBINATORIAL ; OUTPUT
  24     |PIN  14         ENB                  COMBINATORIAL ; OUTPUT
  25     |PIN  15         GRCS0                COMBINATORIAL ; OUTPUT
  26     |PIN  16         GRCS1                COMBINATORIAL ; OUTPUT
  27     |PIN  17         GRRST                COMBINATORIAL ; OUTPUT
  28     |PIN  18         DI                   COMBINATORIAL ; OUTPUT
  29     |PIN  19         RW                   COMBINATORIAL ; OUTPUT
  30     |PIN  20         VCC                                ; INPUT
  31     |;----------------------------------- Boolean Equation Segment ------
  32     |EQUATIONS
  33     |
  34     |/GRLCD     = /CS2               * (/READ + /WRITE)     ; 0xC000~
  35     |/RD        = /READ                                     ; BY PASS
  36     | ENB       = /CS2               * (/READ + /WRITE)     ; ENABLE LOGIC
  37     |/GRCS0     = /CS2  * /A2        * (/READ + /WRITE)     ; 0xC000~0xC003
  38     |/GRCS1     = /CS2  *  A2        * (/READ + /WRITE)     ; 0xC004~0xC007
  39     |/GRRST     = /PORT                                     ; BY PASS
  40     |/DI        = /A0                                       ; BY PASS
  41     |/RW        = /A1                                       ; BY PASS
  42     |;----------------------------------- Simulation Segment ------------
  43     |SIMULATION
  44     |
  45     |;-------------------------------------------------------------------

 %% PARSE %%    No errors.  No warnings.

 %% PARSE %%    File processed successfully.    File:  GRAPHIC.pds
