SAM3-2.pds

PALASM90  PARSER   - MARKET RELEASE (2-14-90)
 (C) - COPYRIGHT ADVANCED MICRO DEVICES INC., 1990


                    ***********************************
                    *     PALASM PARSER LISTING       *
                    ***********************************

LINE #   |----+----1----+----2----+----3----+----4----+----5----+----6----+
   1     |;PALASM Design Description
   2     |
   3     |;---------------------------------- Declaration Segment ------------
   4     |TITLE    JAEJU AWS(TEMP & HUMI)
   5     |PATTERN  
   6     |REVISION 
   7     |AUTHOR   MR. PARK.J.K
   8     |COMPANY  JINYANG
   9     |DATE     02/18/97
  10     |
  11     |CHIP  D  PALCE16V8
  12     |
  13     |;---------------------------------- PIN Declarations ---------------
  14     |PIN  1          A12                  COMBINATORIAL ; INPUT
  15     |PIN  2          A13                  COMBINATORIAL ; INPUT
  16     |PIN  3          A14                  COMBINATORIAL ; INPUT
  17     |PIN  4          A15                  COMBINATORIAL ; INPUT
  18     |PIN  5          RD                   COMBINATORIAL ; INPUT
  19     |PIN  6          WR                   COMBINATORIAL ; INPUT
  20     |PIN  7          CLOCK                COMBINATORIAL ; INPUT
  21     |PIN  9          STS                  COMBINATORIAL ; INPUT
  22     |PIN  10         GND                             ; INPUT
  23     |PIN  11         PRECIO               COMBINATORIAL ; INPUT
  24     |PIN  12         MEM                  COMBINATORIAL ; OUTPUT
  25     |PIN  13         RSB1                 COMBINATORIAL ; OUTPUT
  26     |PIN  14         RSE1                 COMBINATORIAL ; OUTPUT
  27     |PIN  15         INT0                 COMBINATORIAL ; OUTPUT
  28     |PIN  17         P17                  COMBINATORIAL ; OUTPUT
  29     |PIN  18         T0                   COMBINATORIAL ; OUTPUT
  30     |PIN  19         RAD0                 COMBINATORIAL ; OUTPUT
  31     |PIN  20         VCC                             ; INPUT
  32     |
  33     |;----------------------------------- Boolean Equation Segment ------
  34     |EQUATIONS
  35     |/MEM  = (/RD + /WR) * /A15 * /A14 * /A13        ; 0000 - 1FFF  FOR  RAM
  36     |/RAD0 = (/RD + /WR) * /A15 * /A14 *  A13        ; 2000 - 3FFF  FOR  AD-CONVERTER
  37     |/RSB1 =        /RD  * /A15 *  A14 * /A13        ; 4000 - 5FFF  FOR  ID JUMPER
  38     |/RSE1 = (/RD + /WR) * /A15 *  A14 *  A13        ; 6000 - 7FFF  FOR  8250
  39     |/INT0 = /CLOCK                                  ; 4HZ CLOCK
  40     |/P17  = /STS                                    ; AD CONVERTION CHECK
  41     |
  42     |;----------------------------------- Simulation Segment ------------
  43     |SIMULATION
  44     |
  45     |;-------------------------------------------------------------------

 %% PARSE %%    No errors.  No warnings.

 %% PARSE %%    File processed successfully.    File:  SAM3-2.pds
